<?xml version="1.0" encoding="UTF-8"?>
<!-- Generated by org.testng.reporters.JUnitXMLReporter -->
<testsuite ignored="0" hostname="DESKTOP-H9JGRTT" failures="1" tests="5" name="Test" time="40.078" errors="0" timestamp="2022-11-03T20:15:49 IST">
  <testcase classname="com.cjc.dws.webApp.tests.UserHomePageTest" name="checkDesiredUserLoggedIn" time="0.12"/>
  <testcase classname="com.cjc.dws.webApp.tests.SignOnTest" name="userLogin" time="1.278"/>
  <testcase classname="com.cjc.dws.webApp.tests.RegistrationPageTest" name="gettingRegister" time="2.254">
    <failure type="java.lang.AssertionError" message="expected [true] but found [false]">
      <![CDATA[java.lang.AssertionError: expected [true] but found [false]
at com.cjc.dws.webApp.tests.RegistrationPageTest.gettingRegister(RegistrationPageTest.java:67)
at java.base/java.util.ArrayList.forEach(ArrayList.java:1541)
... Removed 33 stack frames]]>
    </failure>
  </testcase> <!-- gettingRegister -->
  <testcase classname="com.cjc.dws.webApp.tests.HomePageTest" name="checkLogo" time="0.12"/>
  <testcase classname="com.cjc.dws.webApp.tests.HomePageTest" name="clickOnLogin" time="0.679"/>
</testsuite> <!-- Test -->
