<?xml version="1.0" encoding="UTF-8"?>
<testng-results ignored="0" total="5" passed="4" failed="1" skipped="0">
  <reporter-output>
  </reporter-output>
  <suite started-at="2022-11-03T20:15:09 IST" name="Suite" finished-at="2022-11-03T20:15:49 IST" duration-ms="40078">
    <groups>
    </groups>
    <test started-at="2022-11-03T20:15:09 IST" name="Test" finished-at="2022-11-03T20:15:49 IST" duration-ms="40078">
      <class name="com.cjc.dws.webApp.tests.UserHomePageTest">
        <test-method is-config="true" signature="init()[pri:0, instance:com.cjc.dws.webApp.tests.UserHomePageTest@3b6ddd1d]" started-at="2022-11-03T20:15:09 IST" name="init" finished-at="2022-11-03T20:15:19 IST" duration-ms="10249" status="PASS">
          <reporter-output>
          </reporter-output>
        </test-method> <!-- init -->
        <test-method signature="checkDesiredUserLoggedIn()[pri:5, instance:com.cjc.dws.webApp.tests.UserHomePageTest@3b6ddd1d]" started-at="2022-11-03T20:15:19 IST" name="checkDesiredUserLoggedIn" finished-at="2022-11-03T20:15:19 IST" duration-ms="120" status="PASS">
          <reporter-output>
          </reporter-output>
        </test-method> <!-- checkDesiredUserLoggedIn -->
        <test-method is-config="true" signature="tearDownUserHomePage()[pri:0, instance:com.cjc.dws.webApp.tests.UserHomePageTest@3b6ddd1d]" started-at="2022-11-03T20:15:19 IST" name="tearDownUserHomePage" finished-at="2022-11-03T20:15:20 IST" duration-ms="1011" status="PASS">
          <reporter-output>
          </reporter-output>
        </test-method> <!-- tearDownUserHomePage -->
      </class> <!-- com.cjc.dws.webApp.tests.UserHomePageTest -->
      <class name="com.cjc.dws.webApp.tests.SignOnTest">
        <test-method is-config="true" signature="init()[pri:0, instance:com.cjc.dws.webApp.tests.SignOnTest@1e1a0406]" started-at="2022-11-03T20:15:20 IST" name="init" finished-at="2022-11-03T20:15:25 IST" duration-ms="5136" status="PASS">
          <reporter-output>
          </reporter-output>
        </test-method> <!-- init -->
        <test-method signature="userLogin()[pri:4, instance:com.cjc.dws.webApp.tests.SignOnTest@1e1a0406]" started-at="2022-11-03T20:15:25 IST" name="userLogin" finished-at="2022-11-03T20:15:27 IST" duration-ms="1278" status="PASS">
          <reporter-output>
          </reporter-output>
        </test-method> <!-- userLogin -->
        <test-method is-config="true" signature="tearDownSignOnPage()[pri:0, instance:com.cjc.dws.webApp.tests.SignOnTest@1e1a0406]" started-at="2022-11-03T20:15:27 IST" name="tearDownSignOnPage" finished-at="2022-11-03T20:15:28 IST" duration-ms="905" status="PASS">
          <reporter-output>
          </reporter-output>
        </test-method> <!-- tearDownSignOnPage -->
      </class> <!-- com.cjc.dws.webApp.tests.SignOnTest -->
      <class name="com.cjc.dws.webApp.tests.HomePageTest">
        <test-method is-config="true" signature="init()[pri:0, instance:com.cjc.dws.webApp.tests.HomePageTest@12aba8be]" started-at="2022-11-03T20:15:38 IST" name="init" finished-at="2022-11-03T20:15:42 IST" duration-ms="4211" status="PASS">
          <reporter-output>
          </reporter-output>
        </test-method> <!-- init -->
        <test-method signature="checkLogo()[pri:1, instance:com.cjc.dws.webApp.tests.HomePageTest@12aba8be]" started-at="2022-11-03T20:15:42 IST" name="checkLogo" finished-at="2022-11-03T20:15:42 IST" duration-ms="120" status="PASS">
          <reporter-output>
          </reporter-output>
        </test-method> <!-- checkLogo -->
        <test-method is-config="true" signature="tearDownHomePage()[pri:0, instance:com.cjc.dws.webApp.tests.HomePageTest@12aba8be]" started-at="2022-11-03T20:15:42 IST" name="tearDownHomePage" finished-at="2022-11-03T20:15:43 IST" duration-ms="864" status="PASS">
          <reporter-output>
          </reporter-output>
        </test-method> <!-- tearDownHomePage -->
        <test-method is-config="true" signature="init()[pri:0, instance:com.cjc.dws.webApp.tests.HomePageTest@12aba8be]" started-at="2022-11-03T20:15:43 IST" name="init" finished-at="2022-11-03T20:15:47 IST" duration-ms="4594" status="PASS">
          <reporter-output>
          </reporter-output>
        </test-method> <!-- init -->
        <test-method signature="clickOnLogin()[pri:3, instance:com.cjc.dws.webApp.tests.HomePageTest@12aba8be]" started-at="2022-11-03T20:15:47 IST" name="clickOnLogin" finished-at="2022-11-03T20:15:48 IST" duration-ms="679" status="PASS">
          <reporter-output>
          </reporter-output>
        </test-method> <!-- clickOnLogin -->
        <test-method is-config="true" signature="tearDownHomePage()[pri:0, instance:com.cjc.dws.webApp.tests.HomePageTest@12aba8be]" started-at="2022-11-03T20:15:48 IST" name="tearDownHomePage" finished-at="2022-11-03T20:15:49 IST" duration-ms="837" status="PASS">
          <reporter-output>
          </reporter-output>
        </test-method> <!-- tearDownHomePage -->
      </class> <!-- com.cjc.dws.webApp.tests.HomePageTest -->
      <class name="com.cjc.dws.webApp.tests.RegistrationPageTest">
        <test-method is-config="true" signature="init()[pri:0, instance:com.cjc.dws.webApp.tests.RegistrationPageTest@3cebbb30]" started-at="2022-11-03T20:15:29 IST" name="init" finished-at="2022-11-03T20:15:34 IST" duration-ms="5352" status="PASS">
          <reporter-output>
          </reporter-output>
        </test-method> <!-- init -->
        <test-method signature="gettingRegister(org.apache.poi.ss.usermodel.Row)[pri:2, instance:com.cjc.dws.webApp.tests.RegistrationPageTest@3cebbb30]" started-at="2022-11-03T20:15:34 IST" name="gettingRegister" data-provider="RegistrationData" finished-at="2022-11-03T20:15:37 IST" duration-ms="2254" status="FAIL">
          <params>
            <param index="0">
              <value>
                <![CDATA[<xml-fragment r="1" spans="1:6" x14ac:dyDescent="0.25" xmlns:r="http://schemas.openxmlformats.org/officeDocument/2006/relationships" xmlns:mc="http://schemas.openxmlformats.org/markup-compatibility/2006" xmlns:x14ac="http://schemas.microsoft.com/office/spreadsheetml/2009/9/ac" xmlns:main="http://schemas.openxmlformats.org/spreadsheetml/2006/main">
  <main:c r="A1" t="s">
    <main:v>0</main:v>
  </main:c>
  <main:c r="B1" t="s">
    <main:v>1</main:v>
  </main:c>
  <main:c r="C1" t="s">
    <main:v>2</main:v>
  </main:c>
  <main:c r="D1" t="s">
    <main:v>3</main:v>
  </main:c>
  <main:c r="E1" t="s">
    <main:v>4</main:v>
  </main:c>
  <main:c r="F1" t="s">
    <main:v>4</main:v>
  </main:c>
</xml-fragment>]]>
              </value>
            </param>
          </params>
          <exception class="java.lang.AssertionError">
            <message>
              <![CDATA[expected [true] but found [false]]]>
            </message>
            <full-stacktrace>
              <![CDATA[java.lang.AssertionError: expected [true] but found [false]
at org.testng.Assert.fail(Assert.java:99)
at org.testng.Assert.failNotEquals(Assert.java:1037)
at org.testng.Assert.assertEqualsImpl(Assert.java:140)
at org.testng.Assert.assertEquals(Assert.java:122)
at org.testng.Assert.assertEquals(Assert.java:819)
at org.testng.Assert.assertEquals(Assert.java:829)
at com.cjc.dws.webApp.tests.RegistrationPageTest.gettingRegister(RegistrationPageTest.java:67)
at java.base/jdk.internal.reflect.NativeMethodAccessorImpl.invoke0(Native Method)
at java.base/jdk.internal.reflect.NativeMethodAccessorImpl.invoke(NativeMethodAccessorImpl.java:62)
at java.base/jdk.internal.reflect.DelegatingMethodAccessorImpl.invoke(DelegatingMethodAccessorImpl.java:43)
at java.base/java.lang.reflect.Method.invoke(Method.java:566)
at org.testng.internal.MethodInvocationHelper.invokeMethod(MethodInvocationHelper.java:133)
at org.testng.internal.TestInvoker.invokeMethod(TestInvoker.java:598)
at org.testng.internal.TestInvoker.invokeTestMethod(TestInvoker.java:173)
at org.testng.internal.MethodRunner.runInSequence(MethodRunner.java:46)
at org.testng.internal.TestInvoker$MethodInvocationAgent.invoke(TestInvoker.java:824)
at org.testng.internal.TestInvoker.invokeTestMethods(TestInvoker.java:146)
at org.testng.internal.TestMethodWorker.invokeTestMethods(TestMethodWorker.java:146)
at org.testng.internal.TestMethodWorker.run(TestMethodWorker.java:128)
at java.base/java.util.ArrayList.forEach(ArrayList.java:1541)
at org.testng.TestRunner.privateRun(TestRunner.java:794)
at org.testng.TestRunner.run(TestRunner.java:596)
at org.testng.SuiteRunner.runTest(SuiteRunner.java:377)
at org.testng.SuiteRunner.runSequentially(SuiteRunner.java:371)
at org.testng.SuiteRunner.privateRun(SuiteRunner.java:332)
at org.testng.SuiteRunner.run(SuiteRunner.java:276)
at org.testng.SuiteRunnerWorker.runSuite(SuiteRunnerWorker.java:53)
at org.testng.SuiteRunnerWorker.run(SuiteRunnerWorker.java:96)
at org.testng.TestNG.runSuitesSequentially(TestNG.java:1212)
at org.testng.TestNG.runSuitesLocally(TestNG.java:1134)
at org.testng.TestNG.runSuites(TestNG.java:1063)
at org.testng.TestNG.run(TestNG.java:1031)
at org.testng.remote.AbstractRemoteTestNG.run(AbstractRemoteTestNG.java:115)
at org.testng.remote.RemoteTestNG.initAndRun(RemoteTestNG.java:251)
at org.testng.remote.RemoteTestNG.main(RemoteTestNG.java:77)
]]>
            </full-stacktrace>
          </exception> <!-- java.lang.AssertionError -->
          <reporter-output>
          </reporter-output>
        </test-method> <!-- gettingRegister -->
        <test-method is-config="true" signature="tearDownRegistrationPage()[pri:0, instance:com.cjc.dws.webApp.tests.RegistrationPageTest@3cebbb30]" started-at="2022-11-03T20:15:37 IST" name="tearDownRegistrationPage" finished-at="2022-11-03T20:15:38 IST" duration-ms="838" status="PASS">
          <reporter-output>
          </reporter-output>
        </test-method> <!-- tearDownRegistrationPage -->
      </class> <!-- com.cjc.dws.webApp.tests.RegistrationPageTest -->
    </test> <!-- Test -->
  </suite> <!-- Suite -->
</testng-results>
